<?xml version="1.0" encoding="UTF-8"?>
<!-- Generated by org.testng.reporters.JUnitXMLReporter -->
<testsuite ignored="0" hostname="gabi-pc" failures="0" tests="5" name="Default test" time="0.265" errors="0" timestamp="2022-08-04T17:48:07 EEST">
  <testcase classname="Curs20.TestExample" name="runMultipleTimes" time="0.055"/>
  <testcase classname="Curs20.TestExample" name="runMultipleTimes" time="0.006"/>
  <testcase classname="Curs20.TestExample" name="runMultipleTimes" time="0.007"/>
  <testcase classname="Curs20.TestExample" name="runMultipleTimes" time="0.004"/>
  <testcase classname="Curs20.TestExample" name="testAnnotation" time="0.006"/>
</testsuite> <!-- Default test -->
