<?xml version="1.0" encoding="UTF-8"?>
<testng-results ignored="0" total="5" passed="5" failed="0" skipped="0">
  <reporter-output>
  </reporter-output>
  <suite started-at="2022-08-04T17:48:07 EEST" name="Default suite" finished-at="2022-08-04T17:48:07 EEST" duration-ms="265">
    <groups>
    </groups>
    <test started-at="2022-08-04T17:48:07 EEST" name="Default test" finished-at="2022-08-04T17:48:07 EEST" duration-ms="265">
      <class name="Curs20.TestExample">
        <test-method signature="runMultipleTimes()[pri:0, instance:Curs20.TestExample@6b8ca3c8]" started-at="2022-08-04T17:48:07 EEST" name="runMultipleTimes" finished-at="2022-08-04T17:48:07 EEST" duration-ms="55" status="PASS">
          <reporter-output>
          </reporter-output>
        </test-method> <!-- runMultipleTimes -->
        <test-method signature="runMultipleTimes()[pri:0, instance:Curs20.TestExample@6b8ca3c8]" started-at="2022-08-04T17:48:07 EEST" name="runMultipleTimes" finished-at="2022-08-04T17:48:07 EEST" duration-ms="6" status="PASS">
          <reporter-output>
          </reporter-output>
        </test-method> <!-- runMultipleTimes -->
        <test-method signature="runMultipleTimes()[pri:0, instance:Curs20.TestExample@6b8ca3c8]" started-at="2022-08-04T17:48:07 EEST" name="runMultipleTimes" finished-at="2022-08-04T17:48:07 EEST" duration-ms="7" status="PASS">
          <reporter-output>
          </reporter-output>
        </test-method> <!-- runMultipleTimes -->
        <test-method signature="runMultipleTimes()[pri:0, instance:Curs20.TestExample@6b8ca3c8]" started-at="2022-08-04T17:48:07 EEST" name="runMultipleTimes" finished-at="2022-08-04T17:48:07 EEST" duration-ms="4" status="PASS">
          <reporter-output>
          </reporter-output>
        </test-method> <!-- runMultipleTimes -->
        <test-method signature="testAnnotation()[pri:0, instance:Curs20.TestExample@6b8ca3c8]" started-at="2022-08-04T17:48:07 EEST" name="testAnnotation" finished-at="2022-08-04T17:48:07 EEST" duration-ms="6" status="PASS">
          <reporter-output>
          </reporter-output>
        </test-method> <!-- testAnnotation -->
      </class> <!-- Curs20.TestExample -->
    </test> <!-- Default test -->
  </suite> <!-- Default suite -->
</testng-results>
